# JRE version: OpenJDK Runtime Environment Microsoft-8035246 (17.0.8+7) (build 17.0.8+7-LTS)
# Java VM: OpenJDK 64-Bit Server VM Microsoft-8035246 (17.0.8+7-LTS, mixed mode, sharing, tiered, compressed oops, compressed class ptrs, g1 gc, windows-amd64)
GC Precious Log:
 CPUs: 4 total, 4 available
 Memory: 16263M
 Large Page Support: Disabled
 NUMA Support: Disabled
 Compressed Oops: Enabled (32-bit)
 Heap Region Size: 1M
 Heap Min Capacity: 8M
 Heap Initial Capacity: 256M
 Heap Max Capacity: 2G
 Pre-touch: Disabled
 Parallel Workers: 4
 Concurrent Workers: 1
 Concurrent Refinement Workers: 4
 Periodic GC: Disabled
Heap:
 garbage-first heap   total 215040K, used 163217K [0x0000000080000000, 0x0000000100000000)
  region size 1024K, 6 young (6144K), 2 survivors (2048K)
 Metaspace       used 98531K, committed 99392K, reserved 557056K
  class space    used 13762K, committed 14208K, reserved 425984K
GC Heap History (20 events):
Event: 76.323 GC heap before
{Heap before GC invocations=47 (full 0):
 garbage-first heap   total 215040K, used 144035K [0x0000000080000000, 0x0000000100000000)
  region size 1024K, 27 young (27648K), 5 survivors (5120K)
 Metaspace       used 89957K, committed 90880K, reserved 557056K
  class space    used 12611K, committed 13056K, reserved 425984K
}
Event: 76.342 GC heap after
{Heap after GC invocations=48 (full 0):
 garbage-first heap   total 215040K, used 125952K [0x0000000080000000, 0x0000000100000000)
  region size 1024K, 4 young (4096K), 4 survivors (4096K)
 Metaspace       used 89957K, committed 90880K, reserved 557056K
  class space    used 12611K, committed 13056K, reserved 425984K
}
Event: 77.923 GC heap before
{Heap before GC invocations=48 (full 0):
 garbage-first heap   total 215040K, used 167936K [0x0000000080000000, 0x0000000100000000)
  region size 1024K, 43 young (44032K), 4 survivors (4096K)
 Metaspace       used 91106K, committed 92032K, reserved 557056K
  class space    used 12756K, committed 13184K, reserved 425984K
}
Event: 77.946 GC heap after
{Heap after GC invocations=49 (full 0):
 garbage-first heap   total 215040K, used 134751K [0x0000000080000000, 0x0000000100000000)
  region size 1024K, 6 young (6144K), 6 survivors (6144K)
 Metaspace       used 91106K, committed 92032K, reserved 557056K
  class space    used 12756K, committed 13184K, reserved 425984K
}
Event: 79.405 GC heap before
{Heap before GC invocations=49 (full 0):
 garbage-first heap   total 215040K, used 170591K [0x0000000080000000, 0x0000000100000000)
  region size 1024K, 41 young (41984K), 6 survivors (6144K)
 Metaspace       used 94014K, committed 94912K, reserved 557056K
  class space    used 13214K, committed 13632K, reserved 425984K
}
Event: 79.419 GC heap after
{Heap after GC invocations=50 (full 0):
 garbage-first heap   total 215040K, used 137216K [0x0000000080000000, 0x0000000100000000)
  region size 1024K, 2 young (2048K), 2 survivors (2048K)
 Metaspace       used 94014K, committed 94912K, reserved 557056K
  class space    used 13214K, committed 13632K, reserved 425984K
}
Event: 81.903 GC heap before
{Heap before GC invocations=50 (full 0):
 garbage-first heap   total 215040K, used 174080K [0x0000000080000000, 0x0000000100000000)
  region size 1024K, 38 young (38912K), 2 survivors (2048K)
 Metaspace       used 95960K, committed 96896K, reserved 557056K
  class space    used 13466K, committed 13952K, reserved 425984K
}
Event: 81.917 GC heap after
{Heap after GC invocations=51 (full 0):
 garbage-first heap   total 215040K, used 140065K [0x0000000080000000, 0x0000000100000000)
  region size 1024K, 5 young (5120K), 5 survivors (5120K)
 Metaspace       used 95960K, committed 96896K, reserved 557056K
  class space    used 13466K, committed 13952K, reserved 425984K
}
Event: 83.402 GC heap before
{Heap before GC invocations=51 (full 0):
 garbage-first heap   total 215040K, used 175905K [0x0000000080000000, 0x0000000100000000)
  region size 1024K, 40 young (40960K), 5 survivors (5120K)
 Metaspace       used 96903K, committed 97856K, reserved 557056K
  class space    used 13571K, committed 14016K, reserved 425984K
}
Event: 83.420 GC heap after
{Heap after GC invocations=52 (full 0):
 garbage-first heap   total 215040K, used 144089K [0x0000000080000000, 0x0000000100000000)
  region size 1024K, 5 young (5120K), 5 survivors (5120K)
 Metaspace       used 96903K, committed 97856K, reserved 557056K
  class space    used 13571K, committed 14016K, reserved 425984K
}
Event: 84.946 GC heap before
{Heap before GC invocations=52 (full 0):
 garbage-first heap   total 215040K, used 176857K [0x0000000080000000, 0x0000000100000000)
  region size 1024K, 37 young (37888K), 5 survivors (5120K)
 Metaspace       used 97260K, committed 98240K, reserved 557056K
  class space    used 13606K, committed 14080K, reserved 425984K
}
Event: 84.965 GC heap after
{Heap after GC invocations=53 (full 0):
 garbage-first heap   total 215040K, used 147574K [0x0000000080000000, 0x0000000100000000)
  region size 1024K, 4 young (4096K), 4 survivors (4096K)
 Metaspace       used 97260K, committed 98240K, reserved 557056K
  class space    used 13606K, committed 14080K, reserved 425984K
}
Event: 85.991 GC heap before
{Heap before GC invocations=53 (full 0):
 garbage-first heap   total 215040K, used 178294K [0x0000000080000000, 0x0000000100000000)
  region size 1024K, 35 young (35840K), 4 survivors (4096K)
 Metaspace       used 97946K, committed 98944K, reserved 557056K
  class space    used 13700K, committed 14208K, reserved 425984K
}
Event: 86.004 GC heap after
{Heap after GC invocations=54 (full 0):
 garbage-first heap   total 215040K, used 150211K [0x0000000080000000, 0x0000000100000000)
  region size 1024K, 3 young (3072K), 3 survivors (3072K)
 Metaspace       used 97946K, committed 98944K, reserved 557056K
  class space    used 13700K, committed 14208K, reserved 425984K
}
Event: 86.961 GC heap before
{Heap before GC invocations=54 (full 0):
 garbage-first heap   total 215040K, used 180931K [0x0000000080000000, 0x0000000100000000)
  region size 1024K, 34 young (34816K), 3 survivors (3072K)
 Metaspace       used 98312K, committed 99264K, reserved 557056K
  class space    used 13736K, committed 14208K, reserved 425984K
}
Event: 86.976 GC heap after
{Heap after GC invocations=55 (full 0):
 garbage-first heap   total 215040K, used 151066K [0x0000000080000000, 0x0000000100000000)
  region size 1024K, 4 young (4096K), 4 survivors (4096K)
 Metaspace       used 98312K, committed 99264K, reserved 557056K
  class space    used 13736K, committed 14208K, reserved 425984K
}
Event: 87.824 GC heap before
{Heap before GC invocations=55 (full 0):
 garbage-first heap   total 215040K, used 181786K [0x0000000080000000, 0x0000000100000000)
  region size 1024K, 35 young (35840K), 4 survivors (4096K)
 Metaspace       used 98508K, committed 99392K, reserved 557056K
  class space    used 13762K, committed 14208K, reserved 425984K
}
Event: 87.835 GC heap after
{Heap after GC invocations=56 (full 0):
 garbage-first heap   total 215040K, used 155015K [0x0000000080000000, 0x0000000100000000)
  region size 1024K, 5 young (5120K), 5 survivors (5120K)
 Metaspace       used 98508K, committed 99392K, reserved 557056K
  class space    used 13762K, committed 14208K, reserved 425984K
}
Event: 88.668 GC heap before
{Heap before GC invocations=56 (full 0):
 garbage-first heap   total 215040K, used 182663K [0x0000000080000000, 0x0000000100000000)
  region size 1024K, 33 young (33792K), 5 survivors (5120K)
 Metaspace       used 98515K, committed 99392K, reserved 557056K
  class space    used 13762K, committed 14208K, reserved 425984K
}
Event: 88.678 GC heap after
{Heap after GC invocations=57 (full 0):
 garbage-first heap   total 215040K, used 156955K [0x0000000080000000, 0x0000000100000000)
  region size 1024K, 2 young (2048K), 2 survivors (2048K)
 Metaspace       used 98515K, committed 99392K, reserved 557056K
  class space    used 13762K, committed 14208K, reserved 425984K
}

