# JRE version: OpenJDK Runtime Environment Microsoft-8035246 (17.0.8+7) (build 17.0.8+7-LTS)
# Java VM: OpenJDK 64-Bit Server VM Microsoft-8035246 (17.0.8+7-LTS, mixed mode, sharing, tiered, compressed oops, compressed class ptrs, g1 gc, windows-amd64)
GC Precious Log:
 CPUs: 4 total, 4 available
 Memory: 16263M
 Large Page Support: Disabled
 NUMA Support: Disabled
 Compressed Oops: Enabled (32-bit)
 Heap Region Size: 1M
 Heap Min Capacity: 8M
 Heap Initial Capacity: 256M
 Heap Max Capacity: 2G
 Pre-touch: Disabled
 Parallel Workers: 4
 Concurrent Workers: 1
 Concurrent Refinement Workers: 4
 Periodic GC: Disabled
Heap:
 garbage-first heap   total 273408K, used 171193K [0x0000000080000000, 0x0000000100000000)
  region size 1024K, 17 young (17408K), 1 survivors (1024K)
 Metaspace       used 98522K, committed 99456K, reserved 557056K
  class space    used 13766K, committed 14208K, reserved 425984K
GC Heap History (20 events):
Event: 61.120 GC heap before
{Heap before GC invocations=38 (full 0):
 garbage-first heap   total 260096K, used 182830K [0x0000000080000000, 0x0000000100000000)
  region size 1024K, 97 young (99328K), 1 survivors (1024K)
 Metaspace       used 78144K, committed 78912K, reserved 557056K
  class space    used 10878K, committed 11264K, reserved 425984K
}
Event: 61.133 GC heap after
{Heap after GC invocations=39 (full 0):
 garbage-first heap   total 260096K, used 90876K [0x0000000080000000, 0x0000000100000000)
  region size 1024K, 7 young (7168K), 7 survivors (7168K)
 Metaspace       used 78144K, committed 78912K, reserved 557056K
  class space    used 10878K, committed 11264K, reserved 425984K
}
Event: 63.323 GC heap before
{Heap before GC invocations=39 (full 0):
 garbage-first heap   total 260096K, used 191228K [0x0000000080000000, 0x0000000100000000)
  region size 1024K, 104 young (106496K), 7 survivors (7168K)
 Metaspace       used 84811K, committed 85504K, reserved 557056K
  class space    used 11960K, committed 12288K, reserved 425984K
}
Event: 63.337 GC heap after
{Heap after GC invocations=40 (full 0):
 garbage-first heap   total 260096K, used 94431K [0x0000000080000000, 0x0000000100000000)
  region size 1024K, 10 young (10240K), 10 survivors (10240K)
 Metaspace       used 84811K, committed 85504K, reserved 557056K
  class space    used 11960K, committed 12288K, reserved 425984K
}
Event: 66.451 GC heap before
{Heap before GC invocations=40 (full 0):
 garbage-first heap   total 260096K, used 201951K [0x0000000080000000, 0x0000000100000000)
  region size 1024K, 110 young (112640K), 10 survivors (10240K)
 Metaspace       used 89309K, committed 90176K, reserved 557056K
  class space    used 12553K, committed 12928K, reserved 425984K
}
Event: 66.483 GC heap after
{Heap after GC invocations=41 (full 0):
 garbage-first heap   total 260096K, used 114229K [0x0000000080000000, 0x0000000100000000)
  region size 1024K, 14 young (14336K), 14 survivors (14336K)
 Metaspace       used 89309K, committed 90176K, reserved 557056K
  class space    used 12553K, committed 12928K, reserved 425984K
}
Event: 69.654 GC heap before
{Heap before GC invocations=41 (full 0):
 garbage-first heap   total 260096K, used 200245K [0x0000000080000000, 0x0000000100000000)
  region size 1024K, 96 young (98304K), 14 survivors (14336K)
 Metaspace       used 91013K, committed 91904K, reserved 557056K
  class space    used 12741K, committed 13184K, reserved 425984K
}
Event: 69.690 GC heap after
{Heap after GC invocations=42 (full 0):
 garbage-first heap   total 260096K, used 134143K [0x0000000080000000, 0x0000000100000000)
  region size 1024K, 12 young (12288K), 12 survivors (12288K)
 Metaspace       used 91013K, committed 91904K, reserved 557056K
  class space    used 12741K, committed 13184K, reserved 425984K
}
Event: 72.355 GC heap before
{Heap before GC invocations=42 (full 0):
 garbage-first heap   total 260096K, used 199679K [0x0000000080000000, 0x0000000100000000)
  region size 1024K, 76 young (77824K), 12 survivors (12288K)
 Metaspace       used 95515K, committed 96448K, reserved 557056K
  class space    used 13400K, committed 13888K, reserved 425984K
}
Event: 72.389 GC heap after
{Heap after GC invocations=43 (full 0):
 garbage-first heap   total 260096K, used 140240K [0x0000000080000000, 0x0000000100000000)
  region size 1024K, 5 young (5120K), 5 survivors (5120K)
 Metaspace       used 95515K, committed 96448K, reserved 557056K
  class space    used 13400K, committed 13888K, reserved 425984K
}
Event: 75.509 GC heap before
{Heap before GC invocations=44 (full 0):
 garbage-first heap   total 260096K, used 204752K [0x0000000080000000, 0x0000000100000000)
  region size 1024K, 68 young (69632K), 5 survivors (5120K)
 Metaspace       used 96952K, committed 97856K, reserved 557056K
  class space    used 13568K, committed 14016K, reserved 425984K
}
Event: 75.537 GC heap after
{Heap after GC invocations=45 (full 0):
 garbage-first heap   total 260096K, used 147455K [0x0000000080000000, 0x0000000100000000)
  region size 1024K, 9 young (9216K), 9 survivors (9216K)
 Metaspace       used 96952K, committed 97856K, reserved 557056K
  class space    used 13568K, committed 14016K, reserved 425984K
}
Event: 75.610 GC heap before
{Heap before GC invocations=45 (full 0):
 garbage-first heap   total 260096K, used 150527K [0x0000000080000000, 0x0000000100000000)
  region size 1024K, 12 young (12288K), 9 survivors (9216K)
 Metaspace       used 97012K, committed 97920K, reserved 557056K
  class space    used 13576K, committed 14016K, reserved 425984K
}
Event: 75.632 GC heap after
{Heap after GC invocations=46 (full 0):
 garbage-first heap   total 260096K, used 148413K [0x0000000080000000, 0x0000000100000000)
  region size 1024K, 2 young (2048K), 2 survivors (2048K)
 Metaspace       used 97012K, committed 97920K, reserved 557056K
  class space    used 13576K, committed 14016K, reserved 425984K
}
Event: 77.390 GC heap before
{Heap before GC invocations=46 (full 0):
 garbage-first heap   total 260096K, used 207805K [0x0000000080000000, 0x0000000100000000)
  region size 1024K, 61 young (62464K), 2 survivors (2048K)
 Metaspace       used 98144K, committed 99136K, reserved 557056K
  class space    used 13710K, committed 14208K, reserved 425984K
}
Event: 77.406 GC heap after
{Heap after GC invocations=47 (full 0):
 garbage-first heap   total 260096K, used 152056K [0x0000000080000000, 0x0000000100000000)
  region size 1024K, 5 young (5120K), 5 survivors (5120K)
 Metaspace       used 98144K, committed 99136K, reserved 557056K
  class space    used 13710K, committed 14208K, reserved 425984K
}
Event: 79.998 GC heap before
{Heap before GC invocations=48 (full 0):
 garbage-first heap   total 273408K, used 210424K [0x0000000080000000, 0x0000000100000000)
  region size 1024K, 63 young (64512K), 5 survivors (5120K)
 Metaspace       used 98512K, committed 99456K, reserved 557056K
  class space    used 13766K, committed 14208K, reserved 425984K
}
Event: 80.013 GC heap after
{Heap after GC invocations=49 (full 0):
 garbage-first heap   total 273408K, used 156969K [0x0000000080000000, 0x0000000100000000)
  region size 1024K, 6 young (6144K), 6 survivors (6144K)
 Metaspace       used 98512K, committed 99456K, reserved 557056K
  class space    used 13766K, committed 14208K, reserved 425984K
}
Event: 80.177 GC heap before
{Heap before GC invocations=49 (full 0):
 garbage-first heap   total 273408K, used 163113K [0x0000000080000000, 0x0000000100000000)
  region size 1024K, 13 young (13312K), 6 survivors (6144K)
 Metaspace       used 98517K, committed 99456K, reserved 557056K
  class space    used 13766K, committed 14208K, reserved 425984K
}
Event: 80.187 GC heap after
{Heap after GC invocations=50 (full 0):
 garbage-first heap   total 273408K, used 155833K [0x0000000080000000, 0x0000000100000000)
  region size 1024K, 1 young (1024K), 1 survivors (1024K)
 Metaspace       used 98517K, committed 99456K, reserved 557056K
  class space    used 13766K, committed 14208K, reserved 425984K
}

